This is pdfTeX, Version 3.14159265-2.6-1.40.20 (MiKTeX 2.9.7050 64-bit) (preloaded format=pdflatex 2019.5.27)  30 MAY 2019 02:20
entering extended mode
**./bibliography.tex
(bibliography.tex
LaTeX2e <2018-12-01>
\bibdata{References}
No file bibliography.bbl.
)
! Emergency stop.
<*> ./bibliography.tex
                      
*** (job aborted, no legal \end found)

 
Here is how much of TeX's memory you used:
 7 strings out of 492895
 238 string characters out of 3133479
 57072 words of memory out of 3000000
 4023 multiletter control sequences out of 15000+200000
 3640 words of font info for 14 fonts, out of 3000000 for 9000
 1141 hyphenation exceptions out of 8191
 5i,0n,3p,156b,8s stack positions out of 5000i,500n,10000p,200000b,50000s
!  ==> Fatal error occurred, no output PDF file produced!
